<?xml version="1.0" encoding="UTF-8"?>
<Site BuildName="Linux-g++"
	BuildStamp="20240410-0407-Experimental"
	Name="rubeas"
	Generator="ctest-3.25.1"
	CompilerName="/usr/bin/g++"
	CompilerVersion="12.3.0"
	OSName="Linux"
	Hostname="rubeas"
	OSRelease="6.2.0-39-generic"
	OSVersion="#40-Ubuntu SMP PREEMPT_DYNAMIC Tue Nov 14 14:18:00 UTC 2023"
	OSPlatform="x86_64"
	Is64Bits="1"
	VendorString="AuthenticAMD"
	VendorID="Advanced Micro Devices"
	FamilyID="23"
	ModelID="24"
	ProcessorCacheSize="512"
	NumberOfLogicalCPU="4"
	NumberOfPhysicalCPU="2"
	TotalVirtualMemory="4095"
	TotalPhysicalMemory="13904"
	LogicalProcessorsPerPhysical="2"
	ProcessorClockFrequency="2378.69"
	>
	<Testing>
		<StartDateTime>Apr 10 09:11 +05</StartDateTime>
		<StartTestTime>1712722295</StartTestTime>
		<TestList/>
		<EndDateTime>Apr 10 09:11 +05</EndDateTime>
		<EndTestTime>1712722295</EndTestTime>
		<ElapsedMinutes>0</ElapsedMinutes>
	</Testing>
</Site>
